[33mMETA [Warning]	[2015-12-15 12:42:01]	Only 0 parameters are given. Default path/index/filter will be used. if you want to set your own path, 5 parameters are expected at least which represent owner_tag, task_tag, input_base_path, output_base_path, exp_group and control respectively.[0m
[32mMETA [Info]	[2015-12-15 12:42:01]	==================== Configuration ====================[0m
[32mMETA [Info]	[2015-12-15 12:42:01]	Owner tag:	zhushixiang[0m
[32mMETA [Info]	[2015-12-15 12:42:01]	Task tag:	meta_analysis[0m
[32mMETA [Info]	[2015-12-15 12:42:01]	Input Base path:	/app/ecom/fcr-ad/zhushixiang/medical_bid/bidword_key/fix_control/raw_data/wise[0m
[32mMETA [Info]	[2015-12-15 12:42:01]	Output Base path:	/app/ecom/fcr-ad/zhushixiang/meta_analyzer_tool[0m
[32mMETA [Info]	[2015-12-15 12:42:01]	Experimental Group:	08,09,10[0m
[32mMETA [Info]	[2015-12-15 12:42:01]	Control:	11[0m
[32mMETA [Info]	[2015-12-15 12:42:01]	Index of key:	0[0m
[32mMETA [Info]	[2015-12-15 12:42:01]	Index of value:	3[0m
[32mMETA [Info]	[2015-12-15 12:42:01]	Index of count:	7[0m
[32mMETA [Info]	[2015-12-15 12:42:01]	Threshold of count filter:	5[0m
[32mMETA [Info]	[2015-12-15 12:42:01]	======================= Step 1 ========================[0m
[32mMETA [Info]	[2015-12-15 12:42:01]	Starting Task 0, exp=08[0m
[32mMETA [Info]	[2015-12-15 12:42:01]	Checking validation of input path: 08[0m
[32mMETA [Info]	[2015-12-15 12:42:03]	Path /app/ecom/fcr-ad/zhushixiang/medical_bid/bidword_key/fix_control/raw_data/wise/08 is valid.[0m
[32mMETA [Info]	[2015-12-15 12:42:03]	Input path are: /app/ecom/fcr-ad/zhushixiang/medical_bid/bidword_key/fix_control/raw_data/wise/08/*/*[0m
[32mMETA [Info]	[2015-12-15 12:42:03]	Checking existence of output path...[0m
[33mMETA [Warning]	[2015-12-15 12:42:05]	Warning! Path /app/ecom/fcr-ad/zhushixiang/meta_analyzer_tool/tmp/08 is existed![0m
[32mMETA [Info]	[2015-12-15 12:42:06]	Starting Task 1, exp=09[0m
[32mMETA [Info]	[2015-12-15 12:42:06]	Checking validation of input path: 09[0m
[32mMETA [Info]	[2015-12-15 12:42:08]	Path /app/ecom/fcr-ad/zhushixiang/medical_bid/bidword_key/fix_control/raw_data/wise/09 is valid.[0m
[32mMETA [Info]	[2015-12-15 12:42:08]	Input path are: /app/ecom/fcr-ad/zhushixiang/medical_bid/bidword_key/fix_control/raw_data/wise/09/*/*[0m
[32mMETA [Info]	[2015-12-15 12:42:08]	Checking existence of output path...[0m
[32mMETA [Info]	[2015-12-15 12:42:08]	/app/ecom/fcr-ad/zhushixiang/meta_analyzer_tool/tmp/08 was removed successfully.[0m
[32mMETA [Info]	[2015-12-15 12:42:08]	Hadoop Streaming job started.[0m
[33mMETA [Warning]	[2015-12-15 12:42:10]	Warning! Path /app/ecom/fcr-ad/zhushixiang/meta_analyzer_tool/tmp/09 is existed![0m
[32mMETA [Info]	[2015-12-15 12:42:11]	Starting Task 2, exp=10[0m
[32mMETA [Info]	[2015-12-15 12:42:11]	Checking validation of input path: 10[0m
[32mMETA [Info]	[2015-12-15 12:42:12]	/app/ecom/fcr-ad/zhushixiang/meta_analyzer_tool/tmp/09 was removed successfully.[0m
[32mMETA [Info]	[2015-12-15 12:42:12]	Hadoop Streaming job started.[0m
[32mMETA [Info]	[2015-12-15 12:42:13]	Path /app/ecom/fcr-ad/zhushixiang/medical_bid/bidword_key/fix_control/raw_data/wise/10 is valid.[0m
[32mMETA [Info]	[2015-12-15 12:42:13]	Input path are: /app/ecom/fcr-ad/zhushixiang/medical_bid/bidword_key/fix_control/raw_data/wise/10/*/*[0m
[32mMETA [Info]	[2015-12-15 12:42:13]	Checking existence of output path...[0m
[33mMETA [Warning]	[2015-12-15 12:42:16]	Warning! Path /app/ecom/fcr-ad/zhushixiang/meta_analyzer_tool/tmp/10 is existed![0m
[32mMETA [Info]	[2015-12-15 12:42:16]	Current tasks has reached maximum of batch size. Waitting until current tasks all finish.[0m
[32mMETA [Info]	[2015-12-15 12:42:16]	PID pool detail as follow:[0m
[32mMETA [Info]	[2015-12-15 12:42:16]	8939 10319 10808[0m
[32mMETA [Info]	[2015-12-15 12:42:18]	/app/ecom/fcr-ad/zhushixiang/meta_analyzer_tool/tmp/10 was removed successfully.[0m
[32mMETA [Info]	[2015-12-15 12:42:18]	Hadoop Streaming job started.[0m
[32mMETA [Info]	[2015-12-15 12:44:42]	Hadoop Streaming Job was successful![0m
[32mMETA [Info]	[2015-12-15 12:44:42]	Hadoop Streaming Job was successful![0m
[32mMETA [Info]	[2015-12-15 12:44:42]	job complete, job_index = 0, pid = 8939[0m
[32mMETA [Info]	[2015-12-15 12:46:10]	Hadoop Streaming Job was successful![0m
[32mMETA [Info]	[2015-12-15 12:46:10]	job complete, job_index = 1, pid = 10319[0m
[32mMETA [Info]	[2015-12-15 12:46:10]	job complete, job_index = 2, pid = 10808[0m
[32mMETA [Info]	[2015-12-15 12:46:10]	All batch tasks are finished.[0m
[32mMETA [Info]	[2015-12-15 12:46:10]	Current tasks has reached maximum of batch size. Waitting until current tasks all finish.[0m
[32mMETA [Info]	[2015-12-15 12:46:10]	PID pool detail as follow:[0m
[32mMETA [Info]	[2015-12-15 12:46:10]	8939 10319 10808[0m
[32mMETA [Info]	[2015-12-15 12:46:10]	All jobs finished![0m
[32mMETA [Info]	[2015-12-15 12:46:10]	Process successfully.[0m
[32mMETA [Info]	[2015-12-15 12:46:10]	Checking validation of input path: 11[0m
[32mMETA [Info]	[2015-12-15 12:46:12]	Path /app/ecom/fcr-ad/zhushixiang/medical_bid/bidword_key/fix_control/raw_data/wise/11 is valid.[0m
[32mMETA [Info]	[2015-12-15 12:46:12]	Input path are: /app/ecom/fcr-ad/zhushixiang/medical_bid/bidword_key/fix_control/raw_data/wise/11/*/*[0m
[32mMETA [Info]	[2015-12-15 12:46:12]	Checking existence of output path...[0m
[33mMETA [Warning]	[2015-12-15 12:46:14]	Warning! Path /app/ecom/fcr-ad/zhushixiang/meta_analyzer_tool/tmp/11 is existed![0m
[32mMETA [Info]	[2015-12-15 12:46:16]	/app/ecom/fcr-ad/zhushixiang/meta_analyzer_tool/tmp/11 was removed successfully.[0m
[32mMETA [Info]	[2015-12-15 12:46:16]	Hadoop Streaming job started.[0m
[32mMETA [Info]	[2015-12-15 12:50:03]	Hadoop Streaming Job was successful![0m
[32mMETA [Info]	[2015-12-15 12:50:03]	Process successfully.[0m
[32mMETA [Info]	[2015-12-15 12:50:03]	======================= Step 2 ========================[0m
[32mMETA [Info]	[2015-12-15 12:50:03]	Starting Task 0, exp=08, con=11[0m
[32mMETA [Info]	[2015-12-15 12:50:03]	Checking validation of input path...[0m
[32mMETA [Info]	[2015-12-15 12:50:05]	Path /app/ecom/fcr-ad/zhushixiang/meta_analyzer_tool/tmp/08 is valid.[0m
[32mMETA [Info]	[2015-12-15 12:50:07]	Path /app/ecom/fcr-ad/zhushixiang/meta_analyzer_tool/tmp/11 is valid.[0m
[32mMETA [Info]	[2015-12-15 12:50:07]	Input paths are: /app/ecom/fcr-ad/zhushixiang/meta_analyzer_tool/tmp/08/part-* /app/ecom/fcr-ad/zhushixiang/meta_analyzer_tool/tmp/11/part-*[0m
[32mMETA [Info]	[2015-12-15 12:50:07]	Checking existence of output path...[0m
[32mMETA [Info]	[2015-12-15 12:50:08]	Starting Task 1, exp=09, con=11[0m
[32mMETA [Info]	[2015-12-15 12:50:08]	Checking validation of input path...[0m
[33mMETA [Warning]	[2015-12-15 12:50:11]	Warning! Path /app/ecom/fcr-ad/zhushixiang/meta_analyzer_tool/result/e08-c11 is existed![0m
[32mMETA [Info]	[2015-12-15 12:50:12]	Path /app/ecom/fcr-ad/zhushixiang/meta_analyzer_tool/tmp/09 is valid.[0m
[32mMETA [Info]	[2015-12-15 12:50:13]	Starting Task 2, exp=10, con=11[0m
[32mMETA [Info]	[2015-12-15 12:50:13]	Checking validation of input path...[0m
[32mMETA [Info]	[2015-12-15 12:50:14]	/app/ecom/fcr-ad/zhushixiang/meta_analyzer_tool/result/e08-c11 was removed successfully.[0m
[32mMETA [Info]	[2015-12-15 12:50:14]	Hadoop Streaming job started.[0m
[32mMETA [Info]	[2015-12-15 12:50:14]	Path /app/ecom/fcr-ad/zhushixiang/meta_analyzer_tool/tmp/10 is valid.[0m
[32mMETA [Info]	[2015-12-15 12:50:15]	Path /app/ecom/fcr-ad/zhushixiang/meta_analyzer_tool/tmp/11 is valid.[0m
[32mMETA [Info]	[2015-12-15 12:50:15]	Input paths are: /app/ecom/fcr-ad/zhushixiang/meta_analyzer_tool/tmp/09/part-* /app/ecom/fcr-ad/zhushixiang/meta_analyzer_tool/tmp/11/part-*[0m
[32mMETA [Info]	[2015-12-15 12:50:15]	Checking existence of output path...[0m
[32mMETA [Info]	[2015-12-15 12:50:16]	Path /app/ecom/fcr-ad/zhushixiang/meta_analyzer_tool/tmp/11 is valid.[0m
[32mMETA [Info]	[2015-12-15 12:50:16]	Input paths are: /app/ecom/fcr-ad/zhushixiang/meta_analyzer_tool/tmp/10/part-* /app/ecom/fcr-ad/zhushixiang/meta_analyzer_tool/tmp/11/part-*[0m
[32mMETA [Info]	[2015-12-15 12:50:16]	Checking existence of output path...[0m
[33mMETA [Warning]	[2015-12-15 12:50:16]	Warning! Path /app/ecom/fcr-ad/zhushixiang/meta_analyzer_tool/result/e09-c11 is existed![0m
[32mMETA [Info]	[2015-12-15 12:50:18]	Current tasks has reached maximum of batch size. Waitting until current tasks all finish.[0m
[32mMETA [Info]	[2015-12-15 12:50:18]	PID pool detail as follow:[0m
[32mMETA [Info]	[2015-12-15 12:50:18]	8120 8406 8810[0m
[32mMETA [Info]	[2015-12-15 12:50:19]	/app/ecom/fcr-ad/zhushixiang/meta_analyzer_tool/result/e09-c11 was removed successfully.[0m
[32mMETA [Info]	[2015-12-15 12:50:19]	Hadoop Streaming job started.[0m
[33mMETA [Warning]	[2015-12-15 12:50:19]	Warning! Path /app/ecom/fcr-ad/zhushixiang/meta_analyzer_tool/result/e10-c11 is existed![0m
[32mMETA [Info]	[2015-12-15 12:50:21]	/app/ecom/fcr-ad/zhushixiang/meta_analyzer_tool/result/e10-c11 was removed successfully.[0m
[32mMETA [Info]	[2015-12-15 12:50:21]	Hadoop Streaming job started.[0m
[32mMETA [Info]	[2015-12-15 12:52:32]	Hadoop Streaming Job was successful![0m
[32mMETA [Info]	[2015-12-15 12:52:32]	job complete, job_index = 0, pid = 8120[0m
[32mMETA [Info]	[2015-12-15 12:52:42]	Hadoop Streaming Job was successful![0m
[32mMETA [Info]	[2015-12-15 12:52:45]	Hadoop Streaming Job was successful![0m
[32mMETA [Info]	[2015-12-15 12:52:45]	job complete, job_index = 1, pid = 8406[0m
[32mMETA [Info]	[2015-12-15 12:52:45]	job complete, job_index = 2, pid = 8810[0m
[32mMETA [Info]	[2015-12-15 12:52:45]	All batch tasks are finished.[0m
[32mMETA [Info]	[2015-12-15 12:52:45]	Current tasks has reached maximum of batch size. Waitting until current tasks all finish.[0m
[32mMETA [Info]	[2015-12-15 12:52:45]	PID pool detail as follow:[0m
[32mMETA [Info]	[2015-12-15 12:52:45]	8120 8406 8810[0m
[32mMETA [Info]	[2015-12-15 12:52:45]	All jobs finished![0m
[32mMETA [Info]	[2015-12-15 12:52:45]	Process successfully.[0m
[32mMETA [Info]	[2015-12-15 12:52:45]	=================== Fetching result ===================[0m
[33mMETA [Warning]	[2015-12-15 12:52:45]	The output path is existed. Removing the last result.[0m
[32mMETA [Info]	[2015-12-15 12:52:53]	All results have been retrived. Please check /output[0m
[32mMETA [Info]	[2015-12-15 12:52:53]	Process successfully.[0m
