[32mMETA [Info]	[2015-12-09 14:44:25]	Starting Task 0, exp=01[0m
[32mMETA [Info]	[2015-12-09 14:44:25]	Checking validation of input path: 01[0m
[32mMETA [Info]	[2015-12-09 14:44:29]	Path /app/ecom/fcr-ad/zhushixiang/medical_bid/bidword_key/near_control/raw_data/wise/01 is valid.[0m
[32mMETA [Info]	[2015-12-09 14:44:29]	Input path are: /app/ecom/fcr-ad/zhushixiang/medical_bid/bidword_key/near_control/raw_data/wise/01/*/*[0m
[32mMETA [Info]	[2015-12-09 14:44:29]	Checking existence of output path...[0m
[32mMETA [Info]	[2015-12-09 14:44:30]	Starting Task 1, exp=02[0m
[32mMETA [Info]	[2015-12-09 14:44:30]	Checking validation of input path: 02[0m
[33mMETA [Warning]	[2015-12-09 14:44:32]	Warning! Path /app/ecom/fcr-ad/zhushixiang/meta_analyzer_tool/tmp/01 is existed![0m
[32mMETA [Info]	[2015-12-09 14:44:33]	Path /app/ecom/fcr-ad/zhushixiang/medical_bid/bidword_key/near_control/raw_data/wise/02 is valid.[0m
[32mMETA [Info]	[2015-12-09 14:44:33]	Input path are: /app/ecom/fcr-ad/zhushixiang/medical_bid/bidword_key/near_control/raw_data/wise/02/*/*[0m
[32mMETA [Info]	[2015-12-09 14:44:33]	Checking existence of output path...[0m
[32mMETA [Info]	[2015-12-09 14:44:34]	/app/ecom/fcr-ad/zhushixiang/meta_analyzer_tool/tmp/01 was removed successfully.[0m
[32mMETA [Info]	[2015-12-09 14:44:34]	Hadoop Streaming job started.[0m
[33mMETA [Warning]	[2015-12-09 14:44:34]	Warning! Path /app/ecom/fcr-ad/zhushixiang/meta_analyzer_tool/tmp/02 is existed![0m
[32mMETA [Info]	[2015-12-09 14:44:35]	Starting Task 2, exp=03[0m
[32mMETA [Info]	[2015-12-09 14:44:35]	Checking validation of input path: 03[0m
[32mMETA [Info]	[2015-12-09 14:44:36]	/app/ecom/fcr-ad/zhushixiang/meta_analyzer_tool/tmp/02 was removed successfully.[0m
[32mMETA [Info]	[2015-12-09 14:44:36]	Hadoop Streaming job started.[0m
[32mMETA [Info]	[2015-12-09 14:44:37]	Path /app/ecom/fcr-ad/zhushixiang/medical_bid/bidword_key/near_control/raw_data/wise/03 is valid.[0m
[32mMETA [Info]	[2015-12-09 14:44:37]	Input path are: /app/ecom/fcr-ad/zhushixiang/medical_bid/bidword_key/near_control/raw_data/wise/03/*/*[0m
[32mMETA [Info]	[2015-12-09 14:44:37]	Checking existence of output path...[0m
[33mMETA [Warning]	[2015-12-09 14:44:39]	Warning! Path /app/ecom/fcr-ad/zhushixiang/meta_analyzer_tool/tmp/03 is existed![0m
[32mMETA [Info]	[2015-12-09 14:44:40]	Current tasks has reached maximum of batch size. Waitting until current tasks all finish.[0m
[32mMETA [Info]	[2015-12-09 14:44:40]	PID pool detail as follow:[0m
[32mMETA [Info]	[2015-12-09 14:44:40]	15754 16040 16618[0m
[32mMETA [Info]	[2015-12-09 14:44:42]	/app/ecom/fcr-ad/zhushixiang/meta_analyzer_tool/tmp/03 was removed successfully.[0m
[32mMETA [Info]	[2015-12-09 14:44:42]	Hadoop Streaming job started.[0m
[32mMETA [Info]	[2015-12-09 14:49:10]	Hadoop Streaming Job was successful![0m
[32mMETA [Info]	[2015-12-09 14:50:13]	Hadoop Streaming Job was successful![0m
[32mMETA [Info]	[2015-12-09 14:50:13]	job complete, job_index = 0, pid = 15754[0m
[32mMETA [Info]	[2015-12-09 14:50:13]	job complete, job_index = 1, pid = 16040[0m
[32mMETA [Info]	[2015-12-09 14:51:51]	Hadoop Streaming Job was successful![0m
[32mMETA [Info]	[2015-12-09 14:51:51]	job complete, job_index = 2, pid = 16618[0m
[32mMETA [Info]	[2015-12-09 14:51:51]	All batch tasks are finished.[0m
[32mMETA [Info]	[2015-12-09 14:51:51]	Current tasks has reached maximum of batch size. Waitting until current tasks all finish.[0m
[32mMETA [Info]	[2015-12-09 14:51:51]	PID pool detail as follow:[0m
[32mMETA [Info]	[2015-12-09 14:51:51]	15754 16040 16618[0m
[32mMETA [Info]	[2015-12-09 14:51:51]	All jobs finished![0m
[32mMETA [Info]	[2015-12-09 14:51:51]	Checking validation of input path: 06[0m
[32mMETA [Info]	[2015-12-09 14:51:54]	Path /app/ecom/fcr-ad/zhushixiang/medical_bid/bidword_key/near_control/raw_data/wise/06 is valid.[0m
[32mMETA [Info]	[2015-12-09 14:51:54]	Input path are: /app/ecom/fcr-ad/zhushixiang/medical_bid/bidword_key/near_control/raw_data/wise/06/*/*[0m
[32mMETA [Info]	[2015-12-09 14:51:54]	Checking existence of output path...[0m
[33mMETA [Warning]	[2015-12-09 14:51:57]	Warning! Path /app/ecom/fcr-ad/zhushixiang/meta_analyzer_tool/tmp/06 is existed![0m
[32mMETA [Info]	[2015-12-09 14:52:00]	/app/ecom/fcr-ad/zhushixiang/meta_analyzer_tool/tmp/06 was removed successfully.[0m
[32mMETA [Info]	[2015-12-09 14:52:00]	Hadoop Streaming job started.[0m
[32mMETA [Info]	[2015-12-09 15:00:53]	Hadoop Streaming Job was successful![0m
[32mMETA [Info]	[2015-12-09 15:00:53]	Starting Task 0, exp=01, con=06[0m
[32mMETA [Info]	[2015-12-09 15:00:53]	Checking validation of input path...[0m
[32mMETA [Info]	[2015-12-09 15:00:56]	Path /app/ecom/fcr-ad/zhushixiang/meta_analyzer_tool/tmp/01 is valid.[0m
[32mMETA [Info]	[2015-12-09 15:00:58]	Path /app/ecom/fcr-ad/zhushixiang/meta_analyzer_tool/tmp/06 is valid.[0m
[32mMETA [Info]	[2015-12-09 15:00:58]	Input paths are: /app/ecom/fcr-ad/zhushixiang/meta_analyzer_tool/tmp/01/part-* /app/ecom/fcr-ad/zhushixiang/meta_analyzer_tool/tmp/06/part-*[0m
[32mMETA [Info]	[2015-12-09 15:00:58]	Checking existence of output path...[0m
[32mMETA [Info]	[2015-12-09 15:00:58]	Starting Task 1, exp=02, con=06[0m
[32mMETA [Info]	[2015-12-09 15:00:58]	Checking validation of input path...[0m
[33mMETA [Warning]	[2015-12-09 15:01:00]	Warning! Path /app/ecom/fcr-ad/zhushixiang/meta_analyzer_tool/result/e01-c06 is existed![0m
[32mMETA [Info]	[2015-12-09 15:01:01]	Path /app/ecom/fcr-ad/zhushixiang/meta_analyzer_tool/tmp/02 is valid.[0m
[32mMETA [Info]	[2015-12-09 15:01:02]	/app/ecom/fcr-ad/zhushixiang/meta_analyzer_tool/result/e01-c06 was removed successfully.[0m
[32mMETA [Info]	[2015-12-09 15:01:02]	Hadoop Streaming job started.[0m
[32mMETA [Info]	[2015-12-09 15:01:03]	Starting Task 2, exp=03, con=06[0m
[32mMETA [Info]	[2015-12-09 15:01:03]	Checking validation of input path...[0m
[32mMETA [Info]	[2015-12-09 15:01:04]	Path /app/ecom/fcr-ad/zhushixiang/meta_analyzer_tool/tmp/06 is valid.[0m
[32mMETA [Info]	[2015-12-09 15:01:04]	Input paths are: /app/ecom/fcr-ad/zhushixiang/meta_analyzer_tool/tmp/02/part-* /app/ecom/fcr-ad/zhushixiang/meta_analyzer_tool/tmp/06/part-*[0m
[32mMETA [Info]	[2015-12-09 15:01:04]	Checking existence of output path...[0m
[32mMETA [Info]	[2015-12-09 15:01:05]	Path /app/ecom/fcr-ad/zhushixiang/meta_analyzer_tool/tmp/03 is valid.[0m
[33mMETA [Warning]	[2015-12-09 15:01:07]	Warning! Path /app/ecom/fcr-ad/zhushixiang/meta_analyzer_tool/result/e02-c06 is existed![0m
[32mMETA [Info]	[2015-12-09 15:01:07]	Path /app/ecom/fcr-ad/zhushixiang/meta_analyzer_tool/tmp/06 is valid.[0m
[32mMETA [Info]	[2015-12-09 15:01:07]	Input paths are: /app/ecom/fcr-ad/zhushixiang/meta_analyzer_tool/tmp/03/part-* /app/ecom/fcr-ad/zhushixiang/meta_analyzer_tool/tmp/06/part-*[0m
[32mMETA [Info]	[2015-12-09 15:01:07]	Checking existence of output path...[0m
[32mMETA [Info]	[2015-12-09 15:01:08]	Current tasks has reached maximum of batch size. Waitting until current tasks all finish.[0m
[32mMETA [Info]	[2015-12-09 15:01:08]	PID pool detail as follow:[0m
[32mMETA [Info]	[2015-12-09 15:01:08]	23240 24514 24994[0m
[32mMETA [Info]	[2015-12-09 15:01:08]	/app/ecom/fcr-ad/zhushixiang/meta_analyzer_tool/result/e02-c06 was removed successfully.[0m
[32mMETA [Info]	[2015-12-09 15:01:08]	Hadoop Streaming job started.[0m
[33mMETA [Warning]	[2015-12-09 15:01:09]	Warning! Path /app/ecom/fcr-ad/zhushixiang/meta_analyzer_tool/result/e03-c06 is existed![0m
[32mMETA [Info]	[2015-12-09 15:01:14]	/app/ecom/fcr-ad/zhushixiang/meta_analyzer_tool/result/e03-c06 was removed successfully.[0m
[32mMETA [Info]	[2015-12-09 15:01:14]	Hadoop Streaming job started.[0m
[32mMETA [Info]	[2015-12-09 15:04:13]	Hadoop Streaming Job was successful![0m
[32mMETA [Info]	[2015-12-09 15:04:13]	job complete, job_index = 0, pid = 23240[0m
[32mMETA [Info]	[2015-12-09 15:05:01]	Hadoop Streaming Job was successful![0m
[32mMETA [Info]	[2015-12-09 15:05:01]	job complete, job_index = 1, pid = 24514[0m
[32mMETA [Info]	[2015-12-09 15:05:29]	Hadoop Streaming Job was successful![0m
[32mMETA [Info]	[2015-12-09 15:05:29]	job complete, job_index = 2, pid = 24994[0m
[32mMETA [Info]	[2015-12-09 15:05:29]	All batch tasks are finished.[0m
[32mMETA [Info]	[2015-12-09 15:05:29]	Current tasks has reached maximum of batch size. Waitting until current tasks all finish.[0m
[32mMETA [Info]	[2015-12-09 15:05:29]	PID pool detail as follow:[0m
[32mMETA [Info]	[2015-12-09 15:05:29]	23240 24514 24994[0m
[32mMETA [Info]	[2015-12-09 15:05:29]	All jobs finished![0m
[32mMETA [Info]	[2015-12-09 15:05:29]	Get result as follow:[0m
[32mMETA [Info]	[2015-12-09 15:05:32]	1.77549002928e+12 1013978.0 2.55695912666e+12 1318630.0 1751014.35069 1939102.80113 -383875.753066[0m
[32mMETA [Info]	[2015-12-09 15:05:34]	2.42131758011e+12 917346.0 9.77360770487e+12 1489323.0 2639481.26455 6562449.98894 -3086851.43534[0m
[32mMETA [Info]	[2015-12-09 15:05:36]	5.7241323305e+12 1974961.0 5.51010122033e+12 1845854.0 2898352.08417 2985122.99474 -449948.580588[0m
