[33mMETA [Warning]	[2015-12-09 15:35:22]	Only 0 parameters are given. Default path/index/filter will be used. if you want to set your own path, 5 parameters are expected at least which represent owner_tag, input_base_path, output_base_path, exp_group and control respectively.[0m
[32mMETA [Info]	[2015-12-09 15:35:22]	==================== Configuration ====================[0m
[32mMETA [Info]	[2015-12-09 15:35:22]	Owner tag:	meta_analyzer[0m
[32mMETA [Info]	[2015-12-09 15:35:22]	Input Base path:	/app/ecom/fcr-ad/zhushixiang/medical_bid/bidword_key/near_control/raw_data/wise[0m
[32mMETA [Info]	[2015-12-09 15:35:22]	Output Base path:	/app/ecom/fcr-ad/zhushixiang/meta_analyzer_tool[0m
[32mMETA [Info]	[2015-12-09 15:35:22]	Experimental Group:	01,02,03[0m
[32mMETA [Info]	[2015-12-09 15:35:22]	Control:	06[0m
[32mMETA [Info]	[2015-12-09 15:35:22]	Index of key:	0[0m
[32mMETA [Info]	[2015-12-09 15:35:22]	Index of value:	3[0m
[32mMETA [Info]	[2015-12-09 15:35:22]	Index of count:	7[0m
[32mMETA [Info]	[2015-12-09 15:35:22]	Threshold of count filter:	5[0m
[32mMETA [Info]	[2015-12-09 15:35:22]	Starting Task 0, exp=01[0m
[32mMETA [Info]	[2015-12-09 15:35:22]	Checking validation of input path: 01[0m
[32mMETA [Info]	[2015-12-09 15:35:25]	Path /app/ecom/fcr-ad/zhushixiang/medical_bid/bidword_key/near_control/raw_data/wise/01 is valid.[0m
[32mMETA [Info]	[2015-12-09 15:35:25]	Input path are: /app/ecom/fcr-ad/zhushixiang/medical_bid/bidword_key/near_control/raw_data/wise/01/*/*[0m
[32mMETA [Info]	[2015-12-09 15:35:25]	Checking existence of output path...[0m
[33mMETA [Warning]	[2015-12-09 15:35:27]	Warning! Path /app/ecom/fcr-ad/zhushixiang/meta_analyzer_tool/tmp/01 is existed![0m
[32mMETA [Info]	[2015-12-09 15:35:27]	Starting Task 1, exp=02[0m
[32mMETA [Info]	[2015-12-09 15:35:27]	Checking validation of input path: 02[0m
[32mMETA [Info]	[2015-12-09 15:35:29]	Path /app/ecom/fcr-ad/zhushixiang/medical_bid/bidword_key/near_control/raw_data/wise/02 is valid.[0m
[32mMETA [Info]	[2015-12-09 15:35:29]	Input path are: /app/ecom/fcr-ad/zhushixiang/medical_bid/bidword_key/near_control/raw_data/wise/02/*/*[0m
[32mMETA [Info]	[2015-12-09 15:35:29]	Checking existence of output path...[0m
[32mMETA [Info]	[2015-12-09 15:35:29]	/app/ecom/fcr-ad/zhushixiang/meta_analyzer_tool/tmp/01 was removed successfully.[0m
[32mMETA [Info]	[2015-12-09 15:35:29]	Hadoop Streaming job started.[0m
[33mMETA [Warning]	[2015-12-09 15:35:31]	Warning! Path /app/ecom/fcr-ad/zhushixiang/meta_analyzer_tool/tmp/02 is existed![0m
[32mMETA [Info]	[2015-12-09 15:35:32]	Starting Task 2, exp=03[0m
[32mMETA [Info]	[2015-12-09 15:35:32]	Checking validation of input path: 03[0m
[32mMETA [Info]	[2015-12-09 15:35:34]	/app/ecom/fcr-ad/zhushixiang/meta_analyzer_tool/tmp/02 was removed successfully.[0m
[32mMETA [Info]	[2015-12-09 15:35:34]	Hadoop Streaming job started.[0m
[32mMETA [Info]	[2015-12-09 15:35:34]	Path /app/ecom/fcr-ad/zhushixiang/medical_bid/bidword_key/near_control/raw_data/wise/03 is valid.[0m
[32mMETA [Info]	[2015-12-09 15:35:34]	Input path are: /app/ecom/fcr-ad/zhushixiang/medical_bid/bidword_key/near_control/raw_data/wise/03/*/*[0m
[32mMETA [Info]	[2015-12-09 15:35:34]	Checking existence of output path...[0m
[33mMETA [Warning]	[2015-12-09 15:35:35]	Warning! Path /app/ecom/fcr-ad/zhushixiang/meta_analyzer_tool/tmp/03 is existed![0m
[32mMETA [Info]	[2015-12-09 15:35:37]	Current tasks has reached maximum of batch size. Waitting until current tasks all finish.[0m
[32mMETA [Info]	[2015-12-09 15:35:37]	PID pool detail as follow:[0m
[32mMETA [Info]	[2015-12-09 15:35:37]	32530 366 930[0m
[32mMETA [Info]	[2015-12-09 15:35:38]	/app/ecom/fcr-ad/zhushixiang/meta_analyzer_tool/tmp/03 was removed successfully.[0m
[32mMETA [Info]	[2015-12-09 15:35:38]	Hadoop Streaming job started.[0m
[32mMETA [Info]	[2015-12-09 15:43:38]	Hadoop Streaming Job was successful![0m
[32mMETA [Info]	[2015-12-09 15:43:43]	Hadoop Streaming Job was successful![0m
[32mMETA [Info]	[2015-12-09 15:43:43]	job complete, job_index = 0, pid = 32530[0m
[32mMETA [Info]	[2015-12-09 15:43:43]	job complete, job_index = 1, pid = 366[0m
[32mMETA [Info]	[2015-12-09 15:48:52]	Hadoop Streaming Job was successful![0m
[32mMETA [Info]	[2015-12-09 15:48:52]	job complete, job_index = 2, pid = 930[0m
[32mMETA [Info]	[2015-12-09 15:48:52]	All batch tasks are finished.[0m
[32mMETA [Info]	[2015-12-09 15:48:52]	Current tasks has reached maximum of batch size. Waitting until current tasks all finish.[0m
[32mMETA [Info]	[2015-12-09 15:48:52]	PID pool detail as follow:[0m
[32mMETA [Info]	[2015-12-09 15:48:52]	32530 366 930[0m
[32mMETA [Info]	[2015-12-09 15:48:52]	All jobs finished![0m
[32mMETA [Info]	[2015-12-09 15:48:52]	Process successfully.[0m
[32mMETA [Info]	[2015-12-09 15:48:52]	Checking validation of input path: 06[0m
[32mMETA [Info]	[2015-12-09 15:48:55]	Path /app/ecom/fcr-ad/zhushixiang/medical_bid/bidword_key/near_control/raw_data/wise/06 is valid.[0m
[32mMETA [Info]	[2015-12-09 15:48:55]	Input path are: /app/ecom/fcr-ad/zhushixiang/medical_bid/bidword_key/near_control/raw_data/wise/06/*/*[0m
[32mMETA [Info]	[2015-12-09 15:48:55]	Checking existence of output path...[0m
[33mMETA [Warning]	[2015-12-09 15:48:56]	Warning! Path /app/ecom/fcr-ad/zhushixiang/meta_analyzer_tool/tmp/06 is existed![0m
[32mMETA [Info]	[2015-12-09 15:48:59]	/app/ecom/fcr-ad/zhushixiang/meta_analyzer_tool/tmp/06 was removed successfully.[0m
[32mMETA [Info]	[2015-12-09 15:48:59]	Hadoop Streaming job started.[0m
[32mMETA [Info]	[2015-12-09 15:57:07]	Hadoop Streaming Job was successful![0m
[32mMETA [Info]	[2015-12-09 15:57:07]	Process successfully.[0m
[32mMETA [Info]	[2015-12-09 15:57:07]	Starting Task 0, exp=01, con=06[0m
[32mMETA [Info]	[2015-12-09 15:57:07]	Checking validation of input path...[0m
[32mMETA [Info]	[2015-12-09 15:57:11]	Path /app/ecom/fcr-ad/zhushixiang/meta_analyzer_tool/tmp/01 is valid.[0m
[32mMETA [Info]	[2015-12-09 15:57:12]	Path /app/ecom/fcr-ad/zhushixiang/meta_analyzer_tool/tmp/06 is valid.[0m
[32mMETA [Info]	[2015-12-09 15:57:12]	Input paths are: /app/ecom/fcr-ad/zhushixiang/meta_analyzer_tool/tmp/01/part-* /app/ecom/fcr-ad/zhushixiang/meta_analyzer_tool/tmp/06/part-*[0m
[32mMETA [Info]	[2015-12-09 15:57:12]	Checking existence of output path...[0m
[32mMETA [Info]	[2015-12-09 15:57:12]	Starting Task 1, exp=02, con=06[0m
[32mMETA [Info]	[2015-12-09 15:57:12]	Checking validation of input path...[0m
[33mMETA [Warning]	[2015-12-09 15:57:16]	Warning! Path /app/ecom/fcr-ad/zhushixiang/meta_analyzer_tool/result/e01-c06 is existed![0m
[32mMETA [Info]	[2015-12-09 15:57:16]	Path /app/ecom/fcr-ad/zhushixiang/meta_analyzer_tool/tmp/02 is valid.[0m
[32mMETA [Info]	[2015-12-09 15:57:17]	Starting Task 2, exp=03, con=06[0m
[32mMETA [Info]	[2015-12-09 15:57:17]	Checking validation of input path...[0m
[32mMETA [Info]	[2015-12-09 15:57:19]	Path /app/ecom/fcr-ad/zhushixiang/meta_analyzer_tool/tmp/06 is valid.[0m
[32mMETA [Info]	[2015-12-09 15:57:19]	Input paths are: /app/ecom/fcr-ad/zhushixiang/meta_analyzer_tool/tmp/02/part-* /app/ecom/fcr-ad/zhushixiang/meta_analyzer_tool/tmp/06/part-*[0m
[32mMETA [Info]	[2015-12-09 15:57:19]	Checking existence of output path...[0m
[32mMETA [Info]	[2015-12-09 15:57:19]	Path /app/ecom/fcr-ad/zhushixiang/meta_analyzer_tool/tmp/03 is valid.[0m
[32mMETA [Info]	[2015-12-09 15:57:19]	/app/ecom/fcr-ad/zhushixiang/meta_analyzer_tool/result/e01-c06 was removed successfully.[0m
[32mMETA [Info]	[2015-12-09 15:57:19]	Hadoop Streaming job started.[0m
[32mMETA [Info]	[2015-12-09 15:57:21]	Path /app/ecom/fcr-ad/zhushixiang/meta_analyzer_tool/tmp/06 is valid.[0m
[32mMETA [Info]	[2015-12-09 15:57:21]	Input paths are: /app/ecom/fcr-ad/zhushixiang/meta_analyzer_tool/tmp/03/part-* /app/ecom/fcr-ad/zhushixiang/meta_analyzer_tool/tmp/06/part-*[0m
[32mMETA [Info]	[2015-12-09 15:57:21]	Checking existence of output path...[0m
[33mMETA [Warning]	[2015-12-09 15:57:22]	Warning! Path /app/ecom/fcr-ad/zhushixiang/meta_analyzer_tool/result/e02-c06 is existed![0m
[32mMETA [Info]	[2015-12-09 15:57:22]	Current tasks has reached maximum of batch size. Waitting until current tasks all finish.[0m
[32mMETA [Info]	[2015-12-09 15:57:22]	PID pool detail as follow:[0m
[32mMETA [Info]	[2015-12-09 15:57:22]	26829 27181 27575[0m
[33mMETA [Warning]	[2015-12-09 15:57:23]	Warning! Path /app/ecom/fcr-ad/zhushixiang/meta_analyzer_tool/result/e03-c06 is existed![0m
[32mMETA [Info]	[2015-12-09 15:57:25]	/app/ecom/fcr-ad/zhushixiang/meta_analyzer_tool/result/e02-c06 was removed successfully.[0m
[32mMETA [Info]	[2015-12-09 15:57:25]	Hadoop Streaming job started.[0m
[32mMETA [Info]	[2015-12-09 15:57:26]	/app/ecom/fcr-ad/zhushixiang/meta_analyzer_tool/result/e03-c06 was removed successfully.[0m
[32mMETA [Info]	[2015-12-09 15:57:26]	Hadoop Streaming job started.[0m
[32mMETA [Info]	[2015-12-09 16:00:27]	Hadoop Streaming Job was successful![0m
[32mMETA [Info]	[2015-12-09 16:00:49]	Hadoop Streaming Job was successful![0m
[32mMETA [Info]	[2015-12-09 16:01:21]	Hadoop Streaming Job was successful![0m
[32mMETA [Info]	[2015-12-09 16:01:21]	job complete, job_index = 0, pid = 26829[0m
[32mMETA [Info]	[2015-12-09 16:01:21]	job complete, job_index = 1, pid = 27181[0m
[32mMETA [Info]	[2015-12-09 16:01:21]	job complete, job_index = 2, pid = 27575[0m
[32mMETA [Info]	[2015-12-09 16:01:21]	All batch tasks are finished.[0m
[32mMETA [Info]	[2015-12-09 16:01:21]	Current tasks has reached maximum of batch size. Waitting until current tasks all finish.[0m
[32mMETA [Info]	[2015-12-09 16:01:21]	PID pool detail as follow:[0m
[32mMETA [Info]	[2015-12-09 16:01:21]	26829 27181 27575[0m
[32mMETA [Info]	[2015-12-09 16:01:21]	All jobs finished![0m
[32mMETA [Info]	[2015-12-09 16:01:21]	Process successfully.[0m
[32mMETA [Info]	[2015-12-09 16:01:27]	All results have been retrived. Please check /output/meta_analyzer.201509-153522[0m
[31mMETA [Error]	[2015-12-09 16:01:27]	Process failed.[0m
[31mMETA [Error]	[2015-12-09 16:01:27]	I will exit, sorry!!![0m
